2017-07-14 16:18:50.179+0000 WARN [o.n.i.p.PageCache] The dbms.memory.pagecache.size setting has not been configured. It is recommended that this setting is always explicitly configured, to ensure the system has a balanced configuration. Until then, a computed heuristic value of 3340500992 bytes will be used instead. 
2017-07-14 16:18:50.455+0000 INFO [o.n.k.i.f.CommunityEditionModule] No locking implementation specified, defaulting to 'community'
2017-07-14 16:18:50.828+0000 INFO [o.n.k.AvailabilityGuard] Requirement makes database unavailable: Database available
2017-07-14 16:18:50.849+0000 INFO [o.n.k.i.DiagnosticsManager] --- INITIALIZED diagnostics START ---
2017-07-14 16:18:50.850+0000 INFO [o.n.k.i.DiagnosticsManager] Neo4j Kernel properties:
2017-07-14 16:18:50.850+0000 INFO [o.n.k.i.DiagnosticsManager] dbms.connector.http.enabled=true
2017-07-14 16:18:50.850+0000 INFO [o.n.k.i.DiagnosticsManager] dbms.security.auth_enabled=true
2017-07-14 16:18:50.850+0000 INFO [o.n.k.i.DiagnosticsManager] dbms.connector.bolt.type=BOLT
2017-07-14 16:18:50.851+0000 INFO [o.n.k.i.DiagnosticsManager] unsupported.dbms.directories.neo4j_home=/Users/Santi/Desktop/Nasdan/core/master/graphDB
2017-07-14 16:18:50.851+0000 INFO [o.n.k.i.DiagnosticsManager] dbms.directories.import=import
2017-07-14 16:18:50.851+0000 INFO [o.n.k.i.DiagnosticsManager] dbms.connector.https.enabled=true
2017-07-14 16:18:50.851+0000 INFO [o.n.k.i.DiagnosticsManager] dbms.connector.http.type=HTTP
2017-07-14 16:18:50.851+0000 INFO [o.n.k.i.DiagnosticsManager] unsupported.dbms.directories.database=/Users/Santi/Desktop/Nasdan/core/master/graphDB
2017-07-14 16:18:50.851+0000 INFO [o.n.k.i.DiagnosticsManager] dbms.logs.http.enabled=false
2017-07-14 16:18:50.851+0000 INFO [o.n.k.i.DiagnosticsManager] dbms.connector.https.type=HTTP
2017-07-14 16:18:50.851+0000 INFO [o.n.k.i.DiagnosticsManager] unsupported.dbms.edition=community
2017-07-14 16:18:50.851+0000 INFO [o.n.k.i.DiagnosticsManager] dbms.connector.bolt.enabled=true
2017-07-14 16:18:50.851+0000 INFO [o.n.k.i.DiagnosticsManager] Diagnostics providers:
2017-07-14 16:18:50.851+0000 INFO [o.n.k.i.DiagnosticsManager] org.neo4j.kernel.configuration.Config
2017-07-14 16:18:50.851+0000 INFO [o.n.k.i.DiagnosticsManager] org.neo4j.kernel.info.DiagnosticsManager
2017-07-14 16:18:50.852+0000 INFO [o.n.k.i.DiagnosticsManager] SYSTEM_MEMORY
2017-07-14 16:18:50.852+0000 INFO [o.n.k.i.DiagnosticsManager] JAVA_MEMORY
2017-07-14 16:18:50.852+0000 INFO [o.n.k.i.DiagnosticsManager] OPERATING_SYSTEM
2017-07-14 16:18:50.852+0000 INFO [o.n.k.i.DiagnosticsManager] JAVA_VIRTUAL_MACHINE
2017-07-14 16:18:50.852+0000 INFO [o.n.k.i.DiagnosticsManager] CLASSPATH
2017-07-14 16:18:50.852+0000 INFO [o.n.k.i.DiagnosticsManager] LIBRARY_PATH
2017-07-14 16:18:50.852+0000 INFO [o.n.k.i.DiagnosticsManager] SYSTEM_PROPERTIES
2017-07-14 16:18:50.852+0000 INFO [o.n.k.i.DiagnosticsManager] NETWORK
2017-07-14 16:18:50.852+0000 INFO [o.n.k.i.DiagnosticsManager] System memory information:
2017-07-14 16:18:50.854+0000 INFO [o.n.k.i.DiagnosticsManager] Total Physical memory: 8,00 GB
2017-07-14 16:18:50.854+0000 INFO [o.n.k.i.DiagnosticsManager] Free Physical memory: 910,52 MB
2017-07-14 16:18:50.855+0000 INFO [o.n.k.i.DiagnosticsManager] Committed virtual memory: 7,19 GB
2017-07-14 16:18:50.855+0000 INFO [o.n.k.i.DiagnosticsManager] Total swap space: 2,00 GB
2017-07-14 16:18:50.856+0000 INFO [o.n.k.i.DiagnosticsManager] Free swap space: 1,58 GB
2017-07-14 16:18:50.856+0000 INFO [o.n.k.i.DiagnosticsManager] JVM memory information:
2017-07-14 16:18:50.856+0000 INFO [o.n.k.i.DiagnosticsManager] Free  memory: 100,02 MB
2017-07-14 16:18:50.856+0000 INFO [o.n.k.i.DiagnosticsManager] Total memory: 137,50 MB
2017-07-14 16:18:50.856+0000 INFO [o.n.k.i.DiagnosticsManager] Max   memory: 1,78 GB
2017-07-14 16:18:50.858+0000 INFO [o.n.k.i.DiagnosticsManager] Garbage Collector: PS Scavenge: [PS Eden Space, PS Survivor Space]
2017-07-14 16:18:50.858+0000 INFO [o.n.k.i.DiagnosticsManager] Garbage Collector: PS MarkSweep: [PS Eden Space, PS Survivor Space, PS Old Gen]
2017-07-14 16:18:50.860+0000 INFO [o.n.k.i.DiagnosticsManager] Memory Pool: Code Cache (Non-heap memory): committed=6,31 MB, used=6,27 MB, max=240,00 MB, threshold=0,00 B
2017-07-14 16:18:50.861+0000 INFO [o.n.k.i.DiagnosticsManager] Memory Pool: Metaspace (Non-heap memory): committed=21,88 MB, used=20,98 MB, max=-1,00 B, threshold=0,00 B
2017-07-14 16:18:50.861+0000 INFO [o.n.k.i.DiagnosticsManager] Memory Pool: Compressed Class Space (Non-heap memory): committed=3,13 MB, used=2,84 MB, max=1,00 GB, threshold=0,00 B
2017-07-14 16:18:50.861+0000 INFO [o.n.k.i.DiagnosticsManager] Memory Pool: PS Eden Space (Heap memory): committed=32,50 MB, used=5,62 MB, max=672,50 MB, threshold=?
2017-07-14 16:18:50.861+0000 INFO [o.n.k.i.DiagnosticsManager] Memory Pool: PS Survivor Space (Heap memory): committed=5,00 MB, used=0,00 B, max=5,00 MB, threshold=?
2017-07-14 16:18:50.862+0000 INFO [o.n.k.i.DiagnosticsManager] Memory Pool: PS Old Gen (Heap memory): committed=100,00 MB, used=31,86 MB, max=1,33 GB, threshold=0,00 B
2017-07-14 16:18:50.862+0000 INFO [o.n.k.i.DiagnosticsManager] Operating system information:
2017-07-14 16:18:50.863+0000 INFO [o.n.k.i.DiagnosticsManager] Operating System: Mac OS X; version: 10.11.6; arch: x86_64; cpus: 4
2017-07-14 16:18:50.863+0000 INFO [o.n.k.i.DiagnosticsManager] Max number of file descriptors: 10240
2017-07-14 16:18:50.864+0000 INFO [o.n.k.i.DiagnosticsManager] Number of open file descriptors: 45
2017-07-14 16:18:51.196+0000 INFO [o.n.k.i.DiagnosticsManager] Process id: 10290@MacBook-Air-de-Santiago.local
2017-07-14 16:18:51.196+0000 INFO [o.n.k.i.DiagnosticsManager] Byte order: LITTLE_ENDIAN
2017-07-14 16:18:51.196+0000 INFO [o.n.k.i.DiagnosticsManager] Local timezone: Europe/Madrid
2017-07-14 16:18:51.196+0000 INFO [o.n.k.i.DiagnosticsManager] JVM information:
2017-07-14 16:18:51.197+0000 INFO [o.n.k.i.DiagnosticsManager] VM Name: Java HotSpot(TM) 64-Bit Server VM
2017-07-14 16:18:51.197+0000 INFO [o.n.k.i.DiagnosticsManager] VM Vendor: Oracle Corporation
2017-07-14 16:18:51.197+0000 INFO [o.n.k.i.DiagnosticsManager] VM Version: 25.60-b23
2017-07-14 16:18:51.198+0000 INFO [o.n.k.i.DiagnosticsManager] JIT compiler: HotSpot 64-Bit Tiered Compilers
2017-07-14 16:18:51.199+0000 INFO [o.n.k.i.DiagnosticsManager] VM Arguments: [-Dfile.encoding=UTF-8, -Dinstall4j.launcherId=24, -Dinstall4j.swt=false, -Dexe4j.moduleName=/Applications/Neo4j Community Edition 3.2.2.app, -Di4j.ownBundlePath=/Applications/Neo4j Community Edition 3.2.2.app, -Di4j.jreBundle=/Applications/Neo4j Community Edition 3.2.2.app/Contents/Resources/jre.bundle]
2017-07-14 16:18:51.200+0000 INFO [o.n.k.i.DiagnosticsManager] Java classpath:
2017-07-14 16:18:51.202+0000 INFO [o.n.k.i.DiagnosticsManager]  [bootstrap] /Applications/Neo4j Community Edition 3.2.2.app/Contents/Resources/jre.bundle/Contents/Home/jre/lib/jsse.jar
2017-07-14 16:18:51.202+0000 INFO [o.n.k.i.DiagnosticsManager]  [loader.1] file:/Applications/Neo4j%20Community%20Edition%203.2.2.app/Contents/Resources/jre.bundle/Contents/Home/jre/lib/ext/cldrdata.jar
2017-07-14 16:18:51.202+0000 INFO [o.n.k.i.DiagnosticsManager]  [loader.1] file:/Applications/Neo4j%20Community%20Edition%203.2.2.app/Contents/Resources/jre.bundle/Contents/Home/jre/lib/ext/nashorn.jar
2017-07-14 16:18:51.202+0000 INFO [o.n.k.i.DiagnosticsManager]  [bootstrap] /Applications/Neo4j Community Edition 3.2.2.app/Contents/Resources/jre.bundle/Contents/Home/jre/lib/resources.jar
2017-07-14 16:18:51.202+0000 INFO [o.n.k.i.DiagnosticsManager]  [classpath] /Applications/Neo4j Community Edition 3.2.2.app/Contents/Resources/app/bin/neo4j-desktop-3.2.2.jar
2017-07-14 16:18:51.202+0000 INFO [o.n.k.i.DiagnosticsManager]  [loader.0] file:/Applications/Neo4j%20Community%20Edition%203.2.2.app/Contents/Resources/app/bin/neo4j-desktop-3.2.2.jar
2017-07-14 16:18:51.202+0000 INFO [o.n.k.i.DiagnosticsManager]  [loader.1] file:/Applications/Neo4j%20Community%20Edition%203.2.2.app/Contents/Resources/jre.bundle/Contents/Home/jre/lib/ext/sunjce_provider.jar
2017-07-14 16:18:51.202+0000 INFO [o.n.k.i.DiagnosticsManager]  [bootstrap] /Applications/Neo4j Community Edition 3.2.2.app/Contents/Resources/jre.bundle/Contents/Home/jre/lib/sunrsasign.jar
2017-07-14 16:18:51.202+0000 INFO [o.n.k.i.DiagnosticsManager]  [bootstrap] /Applications/Neo4j Community Edition 3.2.2.app/Contents/Resources/jre.bundle/Contents/Home/jre/lib/jfr.jar
2017-07-14 16:18:51.202+0000 INFO [o.n.k.i.DiagnosticsManager]  [loader.0] file:/Applications/Neo4j%20Community%20Edition%203.2.2.app/Contents/Resources/app/.install4j/i4jruntime.jar
2017-07-14 16:18:51.202+0000 INFO [o.n.k.i.DiagnosticsManager]  [bootstrap] /Applications/Neo4j Community Edition 3.2.2.app/Contents/Resources/jre.bundle/Contents/Home/jre/lib/jce.jar
2017-07-14 16:18:51.202+0000 INFO [o.n.k.i.DiagnosticsManager]  [bootstrap] /Applications/Neo4j Community Edition 3.2.2.app/Contents/Resources/jre.bundle/Contents/Home/jre/lib/rt.jar
2017-07-14 16:18:51.203+0000 INFO [o.n.k.i.DiagnosticsManager]  [loader.1] file:/Applications/Neo4j%20Community%20Edition%203.2.2.app/Contents/Resources/jre.bundle/Contents/Home/jre/lib/ext/dnsns.jar
2017-07-14 16:18:51.203+0000 INFO [o.n.k.i.DiagnosticsManager]  [loader.1] file:/Applications/Neo4j%20Community%20Edition%203.2.2.app/Contents/Resources/jre.bundle/Contents/Home/jre/lib/ext/jfxrt.jar
2017-07-14 16:18:51.203+0000 INFO [o.n.k.i.DiagnosticsManager]  [loader.1] file:/Applications/Neo4j%20Community%20Edition%203.2.2.app/Contents/Resources/jre.bundle/Contents/Home/jre/lib/ext/zipfs.jar
2017-07-14 16:18:51.203+0000 INFO [o.n.k.i.DiagnosticsManager]  [loader.1] file:/Applications/Neo4j%20Community%20Edition%203.2.2.app/Contents/Resources/jre.bundle/Contents/Home/jre/lib/ext/jaccess.jar
2017-07-14 16:18:51.203+0000 INFO [o.n.k.i.DiagnosticsManager]  [loader.1] file:/Applications/Neo4j%20Community%20Edition%203.2.2.app/Contents/Resources/jre.bundle/Contents/Home/jre/lib/ext/localedata.jar
2017-07-14 16:18:51.203+0000 INFO [o.n.k.i.DiagnosticsManager]  [loader.1] file:/Applications/Neo4j%20Community%20Edition%203.2.2.app/Contents/Resources/jre.bundle/Contents/Home/jre/lib/ext/sunec.jar
2017-07-14 16:18:51.203+0000 INFO [o.n.k.i.DiagnosticsManager]  [loader.1] file:/Applications/Neo4j%20Community%20Edition%203.2.2.app/Contents/Resources/jre.bundle/Contents/Home/jre/lib/ext/sunpkcs11.jar
2017-07-14 16:18:51.203+0000 INFO [o.n.k.i.DiagnosticsManager]  [bootstrap] /Applications/Neo4j Community Edition 3.2.2.app/Contents/Resources/jre.bundle/Contents/Home/jre/classes
2017-07-14 16:18:51.203+0000 INFO [o.n.k.i.DiagnosticsManager]  [classpath] /Applications/Neo4j Community Edition 3.2.2.app/Contents/Resources/app/.install4j/i4jruntime.jar
2017-07-14 16:18:51.203+0000 INFO [o.n.k.i.DiagnosticsManager]  [bootstrap] /Applications/Neo4j Community Edition 3.2.2.app/Contents/Resources/jre.bundle/Contents/Home/jre/lib/charsets.jar
2017-07-14 16:18:51.203+0000 INFO [o.n.k.i.DiagnosticsManager]  [loader.1] file:/System/Library/Java/Extensions/MRJToolkit.jar
2017-07-14 16:18:51.203+0000 INFO [o.n.k.i.DiagnosticsManager] Library path:
2017-07-14 16:18:51.203+0000 INFO [o.n.k.i.DiagnosticsManager] /Users/Santi/Library/Java/Extensions
2017-07-14 16:18:51.203+0000 INFO [o.n.k.i.DiagnosticsManager] /Library/Java/Extensions
2017-07-14 16:18:51.204+0000 INFO [o.n.k.i.DiagnosticsManager] /Network/Library/Java/Extensions
2017-07-14 16:18:51.204+0000 INFO [o.n.k.i.DiagnosticsManager] /System/Library/Java/Extensions
2017-07-14 16:18:51.204+0000 INFO [o.n.k.i.DiagnosticsManager] /usr/lib/java
2017-07-14 16:18:51.204+0000 INFO [o.n.k.i.DiagnosticsManager] /Applications/Neo4j Community Edition 3.2.2.app/Contents/Resources/app/bin
2017-07-14 16:18:51.204+0000 INFO [o.n.k.i.DiagnosticsManager] System.properties:
2017-07-14 16:18:51.204+0000 INFO [o.n.k.i.DiagnosticsManager] exe4j.moduleName = /Applications/Neo4j Community Edition 3.2.2.app
2017-07-14 16:18:51.204+0000 INFO [o.n.k.i.DiagnosticsManager] sun.boot.library.path = /Applications/Neo4j Community Edition 3.2.2.app/Contents/Resources/jre.bundle/Contents/Home/jre/lib
2017-07-14 16:18:51.204+0000 INFO [o.n.k.i.DiagnosticsManager] i4j.jreBundle = /Applications/Neo4j Community Edition 3.2.2.app/Contents/Resources/jre.bundle
2017-07-14 16:18:51.204+0000 INFO [o.n.k.i.DiagnosticsManager] gopherProxySet = false
2017-07-14 16:18:51.204+0000 INFO [o.n.k.i.DiagnosticsManager] path.separator = :
2017-07-14 16:18:51.204+0000 INFO [o.n.k.i.DiagnosticsManager] file.encoding.pkg = sun.io
2017-07-14 16:18:51.204+0000 INFO [o.n.k.i.DiagnosticsManager] user.country = ES
2017-07-14 16:18:51.204+0000 INFO [o.n.k.i.DiagnosticsManager] sun.java.launcher = SUN_STANDARD
2017-07-14 16:18:51.205+0000 INFO [o.n.k.i.DiagnosticsManager] sun.os.patch.level = unknown
2017-07-14 16:18:51.205+0000 INFO [o.n.k.i.DiagnosticsManager] install4j.exeDir = /Applications/
2017-07-14 16:18:51.205+0000 INFO [o.n.k.i.DiagnosticsManager] user.dir = /Applications/Neo4j Community Edition 3.2.2.app/Contents/Resources/app/bin
2017-07-14 16:18:51.205+0000 INFO [o.n.k.i.DiagnosticsManager] i4j.ownBundlePath = /Applications/Neo4j Community Edition 3.2.2.app
2017-07-14 16:18:51.205+0000 INFO [o.n.k.i.DiagnosticsManager] sun.jnu.encoding = UTF-8
2017-07-14 16:18:51.205+0000 INFO [o.n.k.i.DiagnosticsManager] unsupported.dbms.udc.source = desktop
2017-07-14 16:18:51.205+0000 INFO [o.n.k.i.DiagnosticsManager] sun.awt.enableExtraMouseButtons = true
2017-07-14 16:18:51.205+0000 INFO [o.n.k.i.DiagnosticsManager] install4j.launcherId = 24
2017-07-14 16:18:51.205+0000 INFO [o.n.k.i.DiagnosticsManager] sun.management.compiler = HotSpot 64-Bit Tiered Compilers
2017-07-14 16:18:51.205+0000 INFO [o.n.k.i.DiagnosticsManager] install4j.swt = false
2017-07-14 16:18:51.205+0000 INFO [o.n.k.i.DiagnosticsManager] apple.awt.fileDialogForDirectories = false
2017-07-14 16:18:51.205+0000 INFO [o.n.k.i.DiagnosticsManager] http.nonProxyHosts = local|*.local|169.254/16|*.169.254/16
2017-07-14 16:18:51.205+0000 INFO [o.n.k.i.DiagnosticsManager] user.home = /Users/Santi
2017-07-14 16:18:51.205+0000 INFO [o.n.k.i.DiagnosticsManager] user.timezone = Europe/Madrid
2017-07-14 16:18:51.205+0000 INFO [o.n.k.i.DiagnosticsManager] file.encoding = UTF-8
2017-07-14 16:18:51.205+0000 INFO [o.n.k.i.DiagnosticsManager] user.name = Santi
2017-07-14 16:18:51.205+0000 INFO [o.n.k.i.DiagnosticsManager] sun.java.command = com.install4j.runtime.launcher.MacLauncher
2017-07-14 16:18:51.205+0000 INFO [o.n.k.i.DiagnosticsManager] sun.arch.data.model = 64
2017-07-14 16:18:51.206+0000 INFO [o.n.k.i.DiagnosticsManager] user.language = es
2017-07-14 16:18:51.206+0000 INFO [o.n.k.i.DiagnosticsManager] awt.toolkit = sun.lwawt.macosx.LWCToolkit
2017-07-14 16:18:51.206+0000 INFO [o.n.k.i.DiagnosticsManager] install4j.appDir = /Applications/Neo4j Community Edition 3.2.2.app/Contents/Resources/app/
2017-07-14 16:18:51.206+0000 INFO [o.n.k.i.DiagnosticsManager] file.separator = /
2017-07-14 16:18:51.206+0000 INFO [o.n.k.i.DiagnosticsManager] sun.font.fontmanager = sun.font.CFontManager
2017-07-14 16:18:51.206+0000 INFO [o.n.k.i.DiagnosticsManager] sun.io.unicode.encoding = UnicodeBig
2017-07-14 16:18:51.206+0000 INFO [o.n.k.i.DiagnosticsManager] sun.cpu.endian = little
2017-07-14 16:18:51.206+0000 INFO [o.n.k.i.DiagnosticsManager] socksNonProxyHosts = local|*.local|169.254/16|*.169.254/16
2017-07-14 16:18:51.206+0000 INFO [o.n.k.i.DiagnosticsManager] ftp.nonProxyHosts = local|*.local|169.254/16|*.169.254/16
2017-07-14 16:18:51.206+0000 INFO [o.n.k.i.DiagnosticsManager] sun.cpu.isalist = 
2017-07-14 16:18:51.206+0000 INFO [o.n.k.i.DiagnosticsManager] Network information:
2017-07-14 16:18:51.218+0000 INFO [o.n.k.i.DiagnosticsManager] Interface awdl0:
2017-07-14 16:18:51.218+0000 INFO [o.n.k.i.DiagnosticsManager]     address: fe80:0:0:0:98ec:d3ff:fea4:d152%awdl0
2017-07-14 16:18:51.218+0000 INFO [o.n.k.i.DiagnosticsManager] Interface en0:
2017-07-14 16:18:51.218+0000 INFO [o.n.k.i.DiagnosticsManager]     address: fe80:0:0:0:bae8:56ff:fe20:1aa0%en0
2017-07-14 16:18:51.218+0000 INFO [o.n.k.i.DiagnosticsManager]     address: 192.168.1.37
2017-07-14 16:18:51.218+0000 INFO [o.n.k.i.DiagnosticsManager] Interface lo0:
2017-07-14 16:18:51.219+0000 INFO [o.n.k.i.DiagnosticsManager]     address: fe80:0:0:0:0:0:0:1%lo0
2017-07-14 16:18:51.219+0000 INFO [o.n.k.i.DiagnosticsManager]     address: 0:0:0:0:0:0:0:1
2017-07-14 16:18:51.219+0000 INFO [o.n.k.i.DiagnosticsManager]     address: 127.0.0.1
2017-07-14 16:18:51.219+0000 INFO [o.n.k.i.DiagnosticsManager] --- INITIALIZED diagnostics END ---
2017-07-14 16:18:52.314+0000 INFO [o.n.b.v.r.WorkerFactory] Bolt Server extension loaded.
2017-07-14 16:18:52.315+0000 INFO [o.n.b.v.r.WorkerFactory] Bolt enabled on 127.0.0.1:7687.
2017-07-14 16:18:52.426+0000 INFO [o.n.k.i.s.f.RecordFormatSelector] Selected format 'RecordFormat:StandardV3_2[v0.A.8]' for the new store
2017-07-14 16:18:52.740+0000 INFO [o.n.k.i.a.i.IndexingService] IndexingService.init: indexes not specifically mentioned above are null
2017-07-14 16:18:52.740+0000 INFO [o.n.k.i.i.l.NativeLabelScanStore] No scan store found, this might just be first use. Preparing to rebuild.
2017-07-14 16:18:52.777+0000 INFO [o.n.k.NeoStoreDataSource] Opened logical log [/Users/Santi/Desktop/Nasdan/core/master/graphDB/neostore.transaction.db.0] version=0, lastTxId=1 (clean)
2017-07-14 16:18:52.781+0000 INFO [o.n.k.NeoStoreDataSource] No commits found after last check point (which is at <no log position given>)
2017-07-14 16:18:52.788+0000 WARN [o.n.k.i.s.MetaDataStore] Missing counts store, rebuilding it.
2017-07-14 16:18:52.920+0000 WARN [o.n.k.i.s.MetaDataStore] Counts store rebuild completed.
2017-07-14 16:18:52.937+0000 INFO [o.n.k.i.a.i.IndexingService] IndexingService.start: indexes not specifically mentioned above are null
2017-07-14 16:18:52.938+0000 INFO [o.n.k.i.i.l.NativeLabelScanStore] Rebuilding scan store, this may take a while
2017-07-14 16:18:52.956+0000 INFO [o.n.k.i.i.l.NativeLabelScanStore] Scan store rebuilt (roughly 0 nodes)
2017-07-14 16:18:52.960+0000 INFO [o.n.k.i.DatabaseHealth] Database health set to OK
2017-07-14 16:18:53.719+0000 INFO [o.n.k.AvailabilityGuard] Fulfilling of requirement makes database available: Database available
2017-07-14 16:18:53.720+0000 INFO [o.n.k.i.f.GraphDatabaseFacadeFactory] Database is now ready
2017-07-14 16:18:53.727+0000 INFO [o.n.k.i.DiagnosticsManager] --- STARTED diagnostics for KernelDiagnostics:Versions START ---
2017-07-14 16:18:53.727+0000 INFO [o.n.k.i.DiagnosticsManager] Graph Database: community single StoreId{creationTime=1500049132607, randomId=744491699976508502, storeVersion=15813456178476550, upgradeTime=1500049132607, upgradeId=1}
2017-07-14 16:18:53.728+0000 INFO [o.n.k.i.DiagnosticsManager] Kernel version: 3.2.2
2017-07-14 16:18:53.728+0000 INFO [o.n.k.i.DiagnosticsManager] --- STARTED diagnostics for KernelDiagnostics:Versions END ---
2017-07-14 16:18:53.730+0000 INFO [o.n.k.i.DiagnosticsManager] --- STARTED diagnostics for NEO_STORE_VERSIONS START ---
2017-07-14 16:18:53.731+0000 INFO [o.n.k.i.DiagnosticsManager] Store versions:
2017-07-14 16:18:53.731+0000 INFO [o.n.k.i.DiagnosticsManager] Store versions:
2017-07-14 16:18:53.731+0000 INFO [o.n.k.i.DiagnosticsManager]   ArrayPropertyStore v0.A.8
2017-07-14 16:18:53.731+0000 INFO [o.n.k.i.DiagnosticsManager]   NodeStore v0.A.8
2017-07-14 16:18:53.731+0000 INFO [o.n.k.i.DiagnosticsManager]   StringPropertyStore v0.A.8
2017-07-14 16:18:53.731+0000 INFO [o.n.k.i.DiagnosticsManager]   PropertyIndexStore v0.A.8
2017-07-14 16:18:53.731+0000 INFO [o.n.k.i.DiagnosticsManager]   StringPropertyStore v0.A.8
2017-07-14 16:18:53.731+0000 INFO [o.n.k.i.DiagnosticsManager]   ArrayPropertyStore v0.A.8
2017-07-14 16:18:53.732+0000 INFO [o.n.k.i.DiagnosticsManager]   PropertyStore v0.A.8
2017-07-14 16:18:53.732+0000 INFO [o.n.k.i.DiagnosticsManager]   RelationshipStore v0.A.8
2017-07-14 16:18:53.732+0000 INFO [o.n.k.i.DiagnosticsManager]   StringPropertyStore v0.A.8
2017-07-14 16:18:53.732+0000 INFO [o.n.k.i.DiagnosticsManager]   RelationshipTypeStore v0.A.8
2017-07-14 16:18:53.732+0000 INFO [o.n.k.i.DiagnosticsManager]   StringPropertyStore v0.A.8
2017-07-14 16:18:53.732+0000 INFO [o.n.k.i.DiagnosticsManager]   LabelTokenStore v0.A.8
2017-07-14 16:18:53.732+0000 INFO [o.n.k.i.DiagnosticsManager]   SchemaStore v0.A.8
2017-07-14 16:18:53.732+0000 INFO [o.n.k.i.DiagnosticsManager]   RelationshipGroupStore v0.A.8
2017-07-14 16:18:53.732+0000 INFO [o.n.k.i.DiagnosticsManager]   NeoStore v0.A.8
2017-07-14 16:18:53.733+0000 INFO [o.n.k.i.DiagnosticsManager] --- STARTED diagnostics for NEO_STORE_VERSIONS END ---
2017-07-14 16:18:53.733+0000 INFO [o.n.k.i.DiagnosticsManager] --- STARTED diagnostics for NEO_STORE_ID_USAGE START ---
2017-07-14 16:18:53.733+0000 INFO [o.n.k.i.DiagnosticsManager] Id usage:
2017-07-14 16:18:53.733+0000 INFO [o.n.k.i.DiagnosticsManager] Id usage:
2017-07-14 16:18:53.733+0000 INFO [o.n.k.i.DiagnosticsManager]   ArrayPropertyStore: used=1 high=0
2017-07-14 16:18:53.733+0000 INFO [o.n.k.i.DiagnosticsManager]   NodeStore: used=0 high=-1
2017-07-14 16:18:53.734+0000 INFO [o.n.k.i.DiagnosticsManager]   StringPropertyStore: used=1 high=0
2017-07-14 16:18:53.736+0000 INFO [o.n.k.i.DiagnosticsManager]   PropertyIndexStore: used=0 high=-1
2017-07-14 16:18:53.737+0000 INFO [o.n.k.i.DiagnosticsManager]   StringPropertyStore: used=1 high=0
2017-07-14 16:18:53.737+0000 INFO [o.n.k.i.DiagnosticsManager]   ArrayPropertyStore: used=1 high=0
2017-07-14 16:18:53.737+0000 INFO [o.n.k.i.DiagnosticsManager]   PropertyStore: used=0 high=-1
2017-07-14 16:18:53.737+0000 INFO [o.n.k.i.DiagnosticsManager]   RelationshipStore: used=0 high=-1
2017-07-14 16:18:53.737+0000 INFO [o.n.k.i.DiagnosticsManager]   StringPropertyStore: used=1 high=0
2017-07-14 16:18:53.737+0000 INFO [o.n.k.i.DiagnosticsManager]   RelationshipTypeStore: used=0 high=-1
2017-07-14 16:18:53.737+0000 INFO [o.n.k.i.DiagnosticsManager]   StringPropertyStore: used=1 high=0
2017-07-14 16:18:53.737+0000 INFO [o.n.k.i.DiagnosticsManager]   LabelTokenStore: used=0 high=-1
2017-07-14 16:18:53.737+0000 INFO [o.n.k.i.DiagnosticsManager]   SchemaStore: used=1 high=0
2017-07-14 16:18:53.738+0000 INFO [o.n.k.i.DiagnosticsManager]   RelationshipGroupStore: used=1 high=0
2017-07-14 16:18:53.738+0000 INFO [o.n.k.i.DiagnosticsManager]   NeoStore: used=15 high=14
2017-07-14 16:18:53.738+0000 INFO [o.n.k.i.DiagnosticsManager] --- STARTED diagnostics for NEO_STORE_ID_USAGE END ---
2017-07-14 16:18:53.738+0000 INFO [o.n.k.i.DiagnosticsManager] --- STARTED diagnostics for NEO_STORE_RECORDS START ---
2017-07-14 16:18:53.738+0000 INFO [o.n.k.i.DiagnosticsManager] Neostore records:
2017-07-14 16:18:53.739+0000 INFO [o.n.k.i.DiagnosticsManager] TIME (Creation time): 1500049132607
2017-07-14 16:18:53.739+0000 INFO [o.n.k.i.DiagnosticsManager] RANDOM_NUMBER (Random number for store id): 744491699976508502
2017-07-14 16:18:53.739+0000 INFO [o.n.k.i.DiagnosticsManager] LOG_VERSION (Current log version): 0
2017-07-14 16:18:53.739+0000 INFO [o.n.k.i.DiagnosticsManager] LAST_TRANSACTION_ID (Last committed transaction): 1
2017-07-14 16:18:53.739+0000 INFO [o.n.k.i.DiagnosticsManager] STORE_VERSION (Store format version): 15813456178476550
2017-07-14 16:18:53.739+0000 INFO [o.n.k.i.DiagnosticsManager] FIRST_GRAPH_PROPERTY (First property record containing graph properties): -1
2017-07-14 16:18:53.739+0000 INFO [o.n.k.i.DiagnosticsManager] LAST_CONSTRAINT_TRANSACTION (Last committed transaction containing constraint changes): 0
2017-07-14 16:18:53.739+0000 INFO [o.n.k.i.DiagnosticsManager] UPGRADE_TRANSACTION_ID (Transaction id most recent upgrade was performed at): 1
2017-07-14 16:18:53.739+0000 INFO [o.n.k.i.DiagnosticsManager] UPGRADE_TIME (Time of last upgrade): 1500049132607
2017-07-14 16:18:53.740+0000 INFO [o.n.k.i.DiagnosticsManager] LAST_TRANSACTION_CHECKSUM (Checksum of last committed transaction): 0
2017-07-14 16:18:53.740+0000 INFO [o.n.k.i.DiagnosticsManager] UPGRADE_TRANSACTION_CHECKSUM (Checksum of transaction id the most recent upgrade was performed at): 0
2017-07-14 16:18:53.740+0000 INFO [o.n.k.i.DiagnosticsManager] LAST_CLOSED_TRANSACTION_LOG_VERSION (Log version where the last transaction commit entry has been written into): 0
2017-07-14 16:18:53.740+0000 INFO [o.n.k.i.DiagnosticsManager] LAST_CLOSED_TRANSACTION_LOG_BYTE_OFFSET (Byte offset in the log file where the last transaction commit entry has been written into): 16
2017-07-14 16:18:53.740+0000 INFO [o.n.k.i.DiagnosticsManager] LAST_TRANSACTION_COMMIT_TIMESTAMP (Commit time timestamp for last committed transaction): 0
2017-07-14 16:18:53.740+0000 INFO [o.n.k.i.DiagnosticsManager] UPGRADE_TRANSACTION_COMMIT_TIMESTAMP (Commit timestamp of transaction the most recent upgrade was performed at): 0
2017-07-14 16:18:53.740+0000 INFO [o.n.k.i.DiagnosticsManager] --- STARTED diagnostics for NEO_STORE_RECORDS END ---
2017-07-14 16:18:53.744+0000 INFO [o.n.k.i.DiagnosticsManager] --- STARTED diagnostics for TRANSACTION_RANGE START ---
2017-07-14 16:18:53.744+0000 INFO [o.n.k.i.DiagnosticsManager] Transaction log:
2017-07-14 16:18:53.746+0000 INFO [o.n.k.i.DiagnosticsManager] No transactions found in any log
2017-07-14 16:18:53.747+0000 INFO [o.n.k.i.DiagnosticsManager] --- STARTED diagnostics for TRANSACTION_RANGE END ---
2017-07-14 16:18:53.747+0000 INFO [o.n.k.i.DiagnosticsManager] --- STARTED diagnostics for KernelDiagnostics:StoreFiles START ---
2017-07-14 16:18:53.748+0000 INFO [o.n.k.i.DiagnosticsManager] Disk space on partition (Total / Free / Free %): 249769115648 / 86309085184 / 34
Storage files: (filename : modification date - size)
2017-07-14 16:18:53.749+0000 INFO [o.n.k.i.DiagnosticsManager]   certificates:
2017-07-14 16:18:53.749+0000 INFO [o.n.k.i.DiagnosticsManager]     neo4j.cert: 2017-07-14T18:18:52+0200 - 985,00 B
2017-07-14 16:18:53.750+0000 INFO [o.n.k.i.DiagnosticsManager]     neo4j.key: 2017-07-14T18:18:52+0200 - 1,66 kB
2017-07-14 16:18:53.750+0000 INFO [o.n.k.i.DiagnosticsManager]   - Total: 2017-07-14T18:18:52+0200 - 2,63 kB
2017-07-14 16:18:53.750+0000 INFO [o.n.k.i.DiagnosticsManager]   data:
2017-07-14 16:18:53.750+0000 INFO [o.n.k.i.DiagnosticsManager]     dbms:
2017-07-14 16:18:53.751+0000 INFO [o.n.k.i.DiagnosticsManager]       auth: 2017-07-14T18:18:53+0200 - 137,00 B
2017-07-14 16:18:53.751+0000 INFO [o.n.k.i.DiagnosticsManager]     - Total: 2017-07-14T18:18:53+0200 - 137,00 B
2017-07-14 16:18:53.751+0000 INFO [o.n.k.i.DiagnosticsManager]   - Total: 2017-07-14T18:18:53+0200 - 137,00 B
2017-07-14 16:18:53.751+0000 INFO [o.n.k.i.DiagnosticsManager]   index:
2017-07-14 16:18:53.751+0000 INFO [o.n.k.i.DiagnosticsManager]   - Total: 2017-07-14T18:18:52+0200 - 0,00 B
2017-07-14 16:18:53.751+0000 INFO [o.n.k.i.DiagnosticsManager]   logs:
2017-07-14 16:18:53.752+0000 INFO [o.n.k.i.DiagnosticsManager]     debug.log: 2017-07-14T18:18:53+0200 - 26,30 kB
2017-07-14 16:18:53.752+0000 INFO [o.n.k.i.DiagnosticsManager]   - Total: 2017-07-14T18:18:50+0200 - 26,30 kB
2017-07-14 16:18:53.752+0000 INFO [o.n.k.i.DiagnosticsManager]   neostore: 2017-07-14T18:18:52+0200 - 8,00 kB
2017-07-14 16:18:53.752+0000 INFO [o.n.k.i.DiagnosticsManager]   neostore.counts.db.a: 2017-07-14T18:18:52+0200 - 96,00 B
2017-07-14 16:18:53.752+0000 INFO [o.n.k.i.DiagnosticsManager]   neostore.id: 2017-07-14T18:18:52+0200 - 9,00 B
2017-07-14 16:18:53.753+0000 INFO [o.n.k.i.DiagnosticsManager]   neostore.labelscanstore.db: 2017-07-14T18:18:52+0200 - 40,00 kB
2017-07-14 16:18:53.753+0000 INFO [o.n.k.i.DiagnosticsManager]   neostore.labeltokenstore.db: 2017-07-14T18:18:52+0200 - 0,00 B
2017-07-14 16:18:53.753+0000 INFO [o.n.k.i.DiagnosticsManager]   neostore.labeltokenstore.db.id: 2017-07-14T18:18:52+0200 - 9,00 B
2017-07-14 16:18:53.753+0000 INFO [o.n.k.i.DiagnosticsManager]   neostore.labeltokenstore.db.names: 2017-07-14T18:18:52+0200 - 8,00 kB
2017-07-14 16:18:53.753+0000 INFO [o.n.k.i.DiagnosticsManager]   neostore.labeltokenstore.db.names.id: 2017-07-14T18:18:52+0200 - 9,00 B
2017-07-14 16:18:53.754+0000 INFO [o.n.k.i.DiagnosticsManager]   neostore.nodestore.db: 2017-07-14T18:18:52+0200 - 0,00 B
2017-07-14 16:18:53.754+0000 INFO [o.n.k.i.DiagnosticsManager]   neostore.nodestore.db.id: 2017-07-14T18:18:52+0200 - 9,00 B
2017-07-14 16:18:53.754+0000 INFO [o.n.k.i.DiagnosticsManager]   neostore.nodestore.db.labels: 2017-07-14T18:18:52+0200 - 8,00 kB
2017-07-14 16:18:53.754+0000 INFO [o.n.k.i.DiagnosticsManager]   neostore.nodestore.db.labels.id: 2017-07-14T18:18:52+0200 - 9,00 B
2017-07-14 16:18:53.754+0000 INFO [o.n.k.i.DiagnosticsManager]   neostore.propertystore.db: 2017-07-14T18:18:52+0200 - 0,00 B
2017-07-14 16:18:53.755+0000 INFO [o.n.k.i.DiagnosticsManager]   neostore.propertystore.db.arrays: 2017-07-14T18:18:52+0200 - 8,00 kB
2017-07-14 16:18:53.755+0000 INFO [o.n.k.i.DiagnosticsManager]   neostore.propertystore.db.arrays.id: 2017-07-14T18:18:52+0200 - 9,00 B
2017-07-14 16:18:53.755+0000 INFO [o.n.k.i.DiagnosticsManager]   neostore.propertystore.db.id: 2017-07-14T18:18:52+0200 - 9,00 B
2017-07-14 16:18:53.755+0000 INFO [o.n.k.i.DiagnosticsManager]   neostore.propertystore.db.index: 2017-07-14T18:18:52+0200 - 0,00 B
2017-07-14 16:18:53.756+0000 INFO [o.n.k.i.DiagnosticsManager]   neostore.propertystore.db.index.id: 2017-07-14T18:18:52+0200 - 9,00 B
2017-07-14 16:18:53.756+0000 INFO [o.n.k.i.DiagnosticsManager]   neostore.propertystore.db.index.keys: 2017-07-14T18:18:52+0200 - 8,00 kB
2017-07-14 16:18:53.756+0000 INFO [o.n.k.i.DiagnosticsManager]   neostore.propertystore.db.index.keys.id: 2017-07-14T18:18:52+0200 - 9,00 B
2017-07-14 16:18:53.756+0000 INFO [o.n.k.i.DiagnosticsManager]   neostore.propertystore.db.strings: 2017-07-14T18:18:52+0200 - 8,00 kB
2017-07-14 16:18:53.756+0000 INFO [o.n.k.i.DiagnosticsManager]   neostore.propertystore.db.strings.id: 2017-07-14T18:18:52+0200 - 9,00 B
2017-07-14 16:18:53.756+0000 INFO [o.n.k.i.DiagnosticsManager]   neostore.relationshipgroupstore.db: 2017-07-14T18:18:52+0200 - 8,00 kB
2017-07-14 16:18:53.757+0000 INFO [o.n.k.i.DiagnosticsManager]   neostore.relationshipgroupstore.db.id: 2017-07-14T18:18:52+0200 - 9,00 B
2017-07-14 16:18:53.757+0000 INFO [o.n.k.i.DiagnosticsManager]   neostore.relationshipstore.db: 2017-07-14T18:18:52+0200 - 0,00 B
2017-07-14 16:18:53.757+0000 INFO [o.n.k.i.DiagnosticsManager]   neostore.relationshipstore.db.id: 2017-07-14T18:18:52+0200 - 9,00 B
2017-07-14 16:18:53.757+0000 INFO [o.n.k.i.DiagnosticsManager]   neostore.relationshiptypestore.db: 2017-07-14T18:18:52+0200 - 0,00 B
2017-07-14 16:18:53.757+0000 INFO [o.n.k.i.DiagnosticsManager]   neostore.relationshiptypestore.db.id: 2017-07-14T18:18:52+0200 - 9,00 B
2017-07-14 16:18:53.757+0000 INFO [o.n.k.i.DiagnosticsManager]   neostore.relationshiptypestore.db.names: 2017-07-14T18:18:52+0200 - 8,00 kB
2017-07-14 16:18:53.758+0000 INFO [o.n.k.i.DiagnosticsManager]   neostore.relationshiptypestore.db.names.id: 2017-07-14T18:18:52+0200 - 9,00 B
2017-07-14 16:18:53.758+0000 INFO [o.n.k.i.DiagnosticsManager]   neostore.schemastore.db: 2017-07-14T18:18:52+0200 - 8,00 kB
2017-07-14 16:18:53.758+0000 INFO [o.n.k.i.DiagnosticsManager]   neostore.schemastore.db.id: 2017-07-14T18:18:52+0200 - 9,00 B
2017-07-14 16:18:53.758+0000 INFO [o.n.k.i.DiagnosticsManager]   neostore.transaction.db.0: 2017-07-14T18:18:52+0200 - 16,00 B
2017-07-14 16:18:53.758+0000 INFO [o.n.k.i.DiagnosticsManager]   store_lock: 2017-07-14T18:18:52+0200 - 0,00 B
2017-07-14 16:18:53.759+0000 INFO [o.n.k.i.DiagnosticsManager] --- STARTED diagnostics for KernelDiagnostics:StoreFiles END ---
2017-07-14 16:18:55.723+0000 INFO [o.n.k.i.DiagnosticsManager] --- SERVER STARTED START ---
2017-07-14 16:18:57.362+0000 WARN [o.n.k.i.c.MonitorGc] GC Monitor: Application threads blocked for 221ms.
2017-07-14 16:18:57.782+0000 INFO [o.n.k.i.DiagnosticsManager] --- SERVER STARTED END ---
2017-07-14 16:19:52.195+0000 WARN [o.n.k.i.c.MonitorGc] GC Monitor: Application threads blocked for 10000ms.
2017-07-14 16:20:00.112+0000 WARN [o.n.k.i.c.MonitorGc] GC Monitor: Application threads blocked for 7815ms.
2017-07-14 16:20:11.556+0000 WARN [o.n.k.i.c.MonitorGc] GC Monitor: Application threads blocked for 10000ms.
2017-07-14 16:20:14.131+0000 WARN [o.n.k.i.c.MonitorGc] GC Monitor: Application threads blocked for 2475ms.
2017-07-14 16:20:25.575+0000 WARN [o.n.k.i.c.MonitorGc] GC Monitor: Application threads blocked for 10000ms.
2017-07-14 16:20:35.676+0000 WARN [o.n.k.i.c.MonitorGc] GC Monitor: Application threads blocked for 10000ms.
2017-07-14 16:20:45.777+0000 WARN [o.n.k.i.c.MonitorGc] GC Monitor: Application threads blocked for 10000ms.
2017-07-14 16:20:55.879+0000 WARN [o.n.k.i.c.MonitorGc] GC Monitor: Application threads blocked for 10000ms.
2017-07-14 16:21:00.112+0000 WARN [o.n.k.i.c.MonitorGc] GC Monitor: Application threads blocked for 4133ms.
2017-07-14 16:21:11.355+0000 WARN [o.n.k.i.c.MonitorGc] GC Monitor: Application threads blocked for 10000ms.
2017-07-14 16:21:21.456+0000 WARN [o.n.k.i.c.MonitorGc] GC Monitor: Application threads blocked for 10000ms.
2017-07-14 16:21:31.557+0000 WARN [o.n.k.i.c.MonitorGc] GC Monitor: Application threads blocked for 10000ms.
2017-07-14 16:21:41.658+0000 WARN [o.n.k.i.c.MonitorGc] GC Monitor: Application threads blocked for 10000ms.
2017-07-14 16:21:51.759+0000 WARN [o.n.k.i.c.MonitorGc] GC Monitor: Application threads blocked for 10000ms.
2017-07-14 16:22:00.112+0000 WARN [o.n.k.i.c.MonitorGc] GC Monitor: Application threads blocked for 8252ms.
2017-07-14 16:22:11.454+0000 WARN [o.n.k.i.c.MonitorGc] GC Monitor: Application threads blocked for 10000ms.
2017-07-14 16:22:21.555+0000 WARN [o.n.k.i.c.MonitorGc] GC Monitor: Application threads blocked for 10000ms.
2017-07-14 16:22:31.656+0000 WARN [o.n.k.i.c.MonitorGc] GC Monitor: Application threads blocked for 10000ms.
2017-07-14 16:22:41.757+0000 WARN [o.n.k.i.c.MonitorGc] GC Monitor: Application threads blocked for 10000ms.
2017-07-14 16:22:51.858+0000 WARN [o.n.k.i.c.MonitorGc] GC Monitor: Application threads blocked for 10000ms.
2017-07-14 16:23:01.959+0000 WARN [o.n.k.i.c.MonitorGc] GC Monitor: Application threads blocked for 10000ms.
2017-07-14 16:23:12.059+0000 WARN [o.n.k.i.c.MonitorGc] GC Monitor: Application threads blocked for 10000ms.
2017-07-14 16:23:22.160+0000 WARN [o.n.k.i.c.MonitorGc] GC Monitor: Application threads blocked for 10000ms.
2017-07-14 16:23:32.261+0000 WARN [o.n.k.i.c.MonitorGc] GC Monitor: Application threads blocked for 10000ms.
2017-07-14 16:23:42.362+0000 WARN [o.n.k.i.c.MonitorGc] GC Monitor: Application threads blocked for 10000ms.
2017-07-14 16:23:52.463+0000 WARN [o.n.k.i.c.MonitorGc] GC Monitor: Application threads blocked for 10000ms.
2017-07-14 16:24:02.564+0000 WARN [o.n.k.i.c.MonitorGc] GC Monitor: Application threads blocked for 10000ms.
2017-07-14 16:24:12.665+0000 WARN [o.n.k.i.c.MonitorGc] GC Monitor: Application threads blocked for 10000ms.
2017-07-14 16:24:22.766+0000 WARN [o.n.k.i.c.MonitorGc] GC Monitor: Application threads blocked for 10000ms.
2017-07-14 16:24:32.867+0000 WARN [o.n.k.i.c.MonitorGc] GC Monitor: Application threads blocked for 10000ms.
2017-07-14 16:24:42.967+0000 WARN [o.n.k.i.c.MonitorGc] GC Monitor: Application threads blocked for 10000ms.
2017-07-14 16:24:53.068+0000 WARN [o.n.k.i.c.MonitorGc] GC Monitor: Application threads blocked for 10000ms.
2017-07-14 16:25:03.169+0000 WARN [o.n.k.i.c.MonitorGc] GC Monitor: Application threads blocked for 10000ms.
2017-07-14 16:25:13.270+0000 WARN [o.n.k.i.c.MonitorGc] GC Monitor: Application threads blocked for 10000ms.
2017-07-14 16:25:23.371+0000 WARN [o.n.k.i.c.MonitorGc] GC Monitor: Application threads blocked for 10000ms.
2017-07-14 16:25:33.472+0000 WARN [o.n.k.i.c.MonitorGc] GC Monitor: Application threads blocked for 10000ms.
2017-07-14 16:25:43.573+0000 WARN [o.n.k.i.c.MonitorGc] GC Monitor: Application threads blocked for 10000ms.
2017-07-14 16:25:53.674+0000 WARN [o.n.k.i.c.MonitorGc] GC Monitor: Application threads blocked for 10000ms.
2017-07-14 16:26:03.775+0000 WARN [o.n.k.i.c.MonitorGc] GC Monitor: Application threads blocked for 10000ms.
2017-07-14 16:26:13.875+0000 WARN [o.n.k.i.c.MonitorGc] GC Monitor: Application threads blocked for 10000ms.
2017-07-14 16:26:14.182+0000 WARN [o.n.k.i.c.MonitorGc] GC Monitor: Application threads blocked for 205ms.
2017-07-14 16:26:25.638+0000 WARN [o.n.k.i.c.MonitorGc] GC Monitor: Application threads blocked for 10000ms.
2017-07-14 16:26:35.739+0000 WARN [o.n.k.i.c.MonitorGc] GC Monitor: Application threads blocked for 10000ms.
2017-07-14 16:26:45.839+0000 WARN [o.n.k.i.c.MonitorGc] GC Monitor: Application threads blocked for 10000ms.
2017-07-14 16:26:55.940+0000 WARN [o.n.k.i.c.MonitorGc] GC Monitor: Application threads blocked for 10000ms.
2017-07-14 16:27:00.111+0000 WARN [o.n.k.i.c.MonitorGc] GC Monitor: Application threads blocked for 4069ms.
2017-07-14 16:27:11.457+0000 WARN [o.n.k.i.c.MonitorGc] GC Monitor: Application threads blocked for 10000ms.
2017-07-14 16:27:21.558+0000 WARN [o.n.k.i.c.MonitorGc] GC Monitor: Application threads blocked for 10000ms.
2017-07-14 16:27:31.658+0000 WARN [o.n.k.i.c.MonitorGc] GC Monitor: Application threads blocked for 10000ms.
2017-07-14 16:27:41.706+0000 WARN [o.n.k.i.c.MonitorGc] GC Monitor: Application threads blocked for 9946ms.
2017-07-14 16:27:43.517+0000 INFO [o.n.k.i.f.GraphDatabaseFacadeFactory] Shutdown started
2017-07-14 16:27:43.518+0000 INFO [o.n.k.i.f.GraphDatabaseFacadeFactory] Database is now unavailable
2017-07-14 16:27:43.523+0000 INFO [o.n.k.i.t.l.c.CheckPointerImpl] Check Pointing triggered by database shutdown [1]:  Starting check pointing...
2017-07-14 16:27:43.523+0000 INFO [o.n.k.i.t.l.c.CheckPointerImpl] Check Pointing triggered by database shutdown [1]:  Starting store flush...
2017-07-14 16:27:43.526+0000 INFO [o.n.k.i.t.l.c.CheckPointerImpl] Check Pointing triggered by database shutdown [1]:  Store flush completed
2017-07-14 16:27:43.526+0000 INFO [o.n.k.i.t.l.c.CheckPointerImpl] Check Pointing triggered by database shutdown [1]:  Starting appending check point entry into the tx log...
2017-07-14 16:27:43.534+0000 INFO [o.n.k.i.t.l.c.CheckPointerImpl] Check Pointing triggered by database shutdown [1]:  Appending check point entry into the tx log completed
2017-07-14 16:27:43.535+0000 INFO [o.n.k.i.t.l.c.CheckPointerImpl] Check Pointing triggered by database shutdown [1]:  Check pointing completed
2017-07-14 16:27:43.535+0000 INFO [o.n.k.i.t.l.p.LogPruningImpl] Log Rotation [0]:  Starting log pruning.
2017-07-14 16:27:43.535+0000 INFO [o.n.k.i.t.l.p.LogPruningImpl] Log Rotation [0]:  Log pruning complete.
2017-07-14 16:27:43.548+0000 INFO [o.n.k.i.DiagnosticsManager] --- STOPPING diagnostics START ---
2017-07-14 16:27:43.548+0000 INFO [o.n.k.i.DiagnosticsManager] --- STOPPING diagnostics END ---
